#
# There is insufficient memory for the Java Runtime Environment to continue.
# Native memory allocation (malloc) failed to allocate 32744 bytes for ChunkPool::allocate
# Possible reasons:
#   The system is out of physical RAM or swap space
#   In 32 bit mode, the process size limit was hit
# Possible solutions:
#   Reduce memory load on the system
#   Increase physical memory or swap space
#   Check if swap backing store is full
#   Use 64 bit Java on a 64 bit OS
#   Decrease Java heap size (-Xmx/-Xms)
#   Decrease number of Java threads
#   Decrease Java thread stack sizes (-Xss)
#   Set larger code cache with -XX:ReservedCodeCacheSize=
# This output file may be truncated or incomplete.
#
#  Out of Memory Error (allocation.cpp:273), pid=7948, tid=0x0000000000001338
#
# JRE version: OpenJDK Runtime Environment (8.0_152-b06) (build 1.8.0_152-release-1136-b06)
# Java VM: OpenJDK 64-Bit Server VM (25.152-b06 mixed mode windows-amd64 compressed oops)
# Failed to write core dump. Minidumps are not enabled by default on client versions of Windows
#

---------------  T H R E A D  ---------------

Current thread (0x0000000014398800):  JavaThread "C1 CompilerThread2" daemon [_thread_in_native, id=4920, stack(0x0000000014790000,0x0000000014890000)]

Stack: [0x0000000014790000,0x0000000014890000]
[error occurred during error reporting (printing stack bounds), id 0xc0000005]

Native frames: (J=compiled Java code, j=interpreted, Vv=VM code, C=native code)


Current CompileTask:
C1:   2928  849       3       org.objectweb.asm.ClassReader::readCode (3575 bytes)


---------------  P R O C E S S  ---------------

Java Threads: ( => current thread )
  0x00000000143a6000 JavaThread "Service Thread" daemon [_thread_blocked, id=15964, stack(0x0000000014890000,0x0000000014990000)]
=>0x0000000014398800 JavaThread "C1 CompilerThread2" daemon [_thread_in_native, id=4920, stack(0x0000000014790000,0x0000000014890000)]
  0x0000000012b43000 JavaThread "C2 CompilerThread1" daemon [_thread_in_native, id=10204, stack(0x0000000014290000,0x0000000014390000)]
  0x0000000012b50800 JavaThread "C2 CompilerThread0" daemon [_thread_in_native, id=10844, stack(0x0000000014190000,0x0000000014290000)]
  0x0000000012b4e000 JavaThread "Attach Listener" daemon [_thread_blocked, id=5620, stack(0x0000000014090000,0x0000000014190000)]
  0x0000000012b4d000 JavaThread "Signal Dispatcher" daemon [_thread_blocked, id=2880, stack(0x0000000013f90000,0x0000000014090000)]
  0x0000000012b28000 JavaThread "Finalizer" daemon [_thread_blocked, id=1556, stack(0x0000000013d90000,0x0000000013e90000)]
  0x0000000002799800 JavaThread "Reference Handler" daemon [_thread_blocked, id=1896, stack(0x0000000013c90000,0x0000000013d90000)]
  0x00000000026a9000 JavaThread "main" [_thread_in_Java, id=10056, stack(0x0000000002520000,0x0000000002620000)]

Other Threads:
  0x0000000012b06800 VMThread [stack: 0x0000000013b90000,0x0000000013c90000] [id=11012]
  0x000000001439c000 WatcherThread [stack: 0x0000000014990000,0x0000000014a90000] [id=12244]

VM state:not at safepoint (normal execution)

VM Mutex/Monitor currently owned by a thread: None

Heap:
 PSYoungGen      total 18944K, used 18743K [0x00000000feb00000, 0x0000000100000000, 0x0000000100000000)
  eden space 16384K, 98% used [0x00000000feb00000,0x00000000fface410,0x00000000ffb00000)
  from space 2560K, 99% used [0x00000000ffb00000,0x00000000ffd7fb38,0x00000000ffd80000)
  to   space 2560K, 0% used [0x00000000ffd80000,0x00000000ffd80000,0x0000000100000000)
 ParOldGen       total 44032K, used 1314K [0x00000000fc000000, 0x00000000feb00000, 0x00000000feb00000)
  object space 44032K, 2% used [0x00000000fc000000,0x00000000fc148a08,0x00000000feb00000)
 Metaspace       used 7520K, capacity 7756K, committed 7936K, reserved 1056768K
  class space    used 871K, capacity 970K, committed 1024K, reserved 1048576K

Card table byte_map: [0x0000000002650000,0x0000000002680000] byte_map_base: 0x0000000001e70000

Marking Bits: (ParMarkBitMap*) 0x0000000056065aa0
 Begin Bits: [0x0000000011f80000, 0x0000000012080000)
 End Bits:   [0x0000000012080000, 0x0000000012180000)

Polling page: 0x0000000002620000

CodeCache: size=245760Kb used=2941Kb max_used=2941Kb free=242818Kb
 bounds [0x00000000027a0000, 0x0000000002a90000, 0x00000000117a0000]
 total_blobs=1180 nmethods=848 adapters=246
 compilation: enabled

Compilation events (10 events):
Event: 2.607 Thread 0x0000000014398800 nmethod 845 0x0000000002a7ed90 code [0x0000000002a7ef00, 0x0000000002a7f168]
Event: 2.647 Thread 0x0000000014398800  846       3       org.objectweb.asm.MethodWriter::visitVarInsn (300 bytes)
Event: 2.648 Thread 0x0000000014398800 nmethod 846 0x0000000002a7f250 code [0x0000000002a7f480, 0x0000000002a7ff28]
Event: 2.649 Thread 0x0000000014398800  847       3       org.objectweb.asm.ClassWriter::put122 (15 bytes)
Event: 2.649 Thread 0x0000000014398800 nmethod 847 0x0000000002a80310 code [0x0000000002a80480, 0x0000000002a80678]
Event: 2.901 Thread 0x0000000014398800  848       3       com.google.devtools.build.android.desugar.BitFlags::isSet (13 bytes)
Event: 2.901 Thread 0x0000000014398800 nmethod 848 0x0000000002a80790 code [0x0000000002a808e0, 0x0000000002a80a70]
Event: 2.901 Thread 0x0000000014398800  849       3       org.objectweb.asm.ClassReader::readCode (3575 bytes)
Event: 2.924 Thread 0x0000000012b50800  853       4       org.objectweb.asm.ClassReader::readUTF (194 bytes)
Event: 2.925 Thread 0x0000000012b43000  854       4       org.objectweb.asm.ByteVector::putUTF8 (142 bytes)

GC Heap History (2 events):
Event: 1.944 GC heap before
{Heap before GC invocations=1 (full 0):
 PSYoungGen      total 18944K, used 16384K [0x00000000feb00000, 0x0000000100000000, 0x0000000100000000)
  eden space 16384K, 100% used [0x00000000feb00000,0x00000000ffb00000,0x00000000ffb00000)
  from space 2560K, 0% used [0x00000000ffd80000,0x00000000ffd80000,0x0000000100000000)
  to   space 2560K, 0% used [0x00000000ffb00000,0x00000000ffb00000,0x00000000ffd80000)
 ParOldGen       total 44032K, used 0K [0x00000000fc000000, 0x00000000feb00000, 0x00000000feb00000)
  object space 44032K, 0% used [0x00000000fc000000,0x00000000fc000000,0x00000000feb00000)
 Metaspace       used 6773K, capacity 6942K, committed 7040K, reserved 1056768K
  class space    used 799K, capacity 871K, committed 896K, reserved 1048576K
Event: 1.973 GC heap after
Heap after GC invocations=1 (full 0):
 PSYoungGen      total 18944K, used 2558K [0x00000000feb00000, 0x0000000100000000, 0x0000000100000000)
  eden space 16384K, 0% used [0x00000000feb00000,0x00000000feb00000,0x00000000ffb00000)
  from space 2560K, 99% used [0x00000000ffb00000,0x00000000ffd7fb38,0x00000000ffd80000)
  to   space 2560K, 0% used [0x00000000ffd80000,0x00000000ffd80000,0x0000000100000000)
 ParOldGen       total 44032K, used 1314K [0x00000000fc000000, 0x00000000feb00000, 0x00000000feb00000)
  object space 44032K, 2% used [0x00000000fc000000,0x00000000fc148a08,0x00000000feb00000)
 Metaspace       used 6773K, capacity 6942K, committed 7040K, reserved 1056768K
  class space    used 799K, capacity 871K, committed 896K, reserved 1048576K
}

Deoptimization events (9 events):
Event: 1.745 Thread 0x00000000026a9000 Uncommon trap: reason=unstable_if action=reinterpret pc=0x00000000029b59c8 method=java.lang.String.startsWith(Ljava/lang/String;I)Z @ 25
Event: 1.838 Thread 0x00000000026a9000 Uncommon trap: reason=unstable_if action=reinterpret pc=0x00000000029df92c method=java.util.zip.ZipFile$ZipEntryIterator.hasNext()Z @ 25
Event: 1.838 Thread 0x00000000026a9000 Uncommon trap: reason=unstable_if action=reinterpret pc=0x00000000029ea038 method=java.util.zip.ZipCoder.decoder()Ljava/nio/charset/CharsetDecoder; @ 4
Event: 1.841 Thread 0x00000000026a9000 Uncommon trap: reason=unstable_if action=reinterpret pc=0x00000000029df1c8 method=java.util.zip.ZipFile$ZipEntryIterator.hasNext()Z @ 25
Event: 1.842 Thread 0x00000000026a9000 Uncommon trap: reason=unstable_if action=reinterpret pc=0x00000000029e36ec method=java.util.zip.ZipCoder.decoder()Ljava/nio/charset/CharsetDecoder; @ 4
Event: 1.842 Thread 0x00000000026a9000 Uncommon trap: reason=unstable_if action=reinterpret pc=0x00000000029dbc9c method=java.util.zip.ZipFile$ZipEntryIterator.hasNext()Z @ 25
Event: 1.842 Thread 0x00000000026a9000 Uncommon trap: reason=unstable_if action=reinterpret pc=0x00000000029e037c method=java.util.zip.ZipCoder.decoder()Ljava/nio/charset/CharsetDecoder; @ 4
Event: 1.842 Thread 0x00000000026a9000 Uncommon trap: reason=unstable_if action=reinterpret pc=0x00000000029deb5c method=java.util.zip.ZipFile$ZipEntryIterator.hasNext()Z @ 25
Event: 2.438 Thread 0x00000000026a9000 Uncommon trap: reason=unstable_if action=reinterpret pc=0x00000000029e491c method=java.util.zip.ZipEntry.setExtra0([BZ)V @ 279

Classes redefined (0 events):
No events

Internal exceptions (10 events):
Event: 1.842 Thread 0x00000000026a9000 Implicit null exception at 0x00000000029dfef8 to 0x00000000029e0361
Event: 2.123 Thread 0x00000000026a9000 Exception <a 'sun/nio/fs/WindowsException'> (0x00000000ff2607d0) thrown at [D:\src\AOSP-openjdk-cygwin\jdk8u\hotspot\src\share\vm\prims\jni.cpp, line 709]
Event: 2.124 Thread 0x00000000026a9000 Exception <a 'sun/nio/fs/WindowsException'> (0x00000000ff260d90) thrown at [D:\src\AOSP-openjdk-cygwin\jdk8u\hotspot\src\share\vm\prims\jni.cpp, line 709]
Event: 2.124 Thread 0x00000000026a9000 Exception <a 'sun/nio/fs/WindowsException'> (0x00000000ff261360) thrown at [D:\src\AOSP-openjdk-cygwin\jdk8u\hotspot\src\share\vm\prims\jni.cpp, line 709]
Event: 2.124 Thread 0x00000000026a9000 Exception <a 'sun/nio/fs/WindowsException'> (0x00000000ff261b20) thrown at [D:\src\AOSP-openjdk-cygwin\jdk8u\hotspot\src\share\vm\prims\jni.cpp, line 709]
Event: 2.185 Thread 0x00000000026a9000 Exception <a 'sun/nio/fs/WindowsException'> (0x00000000ff266a68) thrown at [D:\src\AOSP-openjdk-cygwin\jdk8u\hotspot\src\share\vm\prims\jni.cpp, line 709]
Event: 2.474 Thread 0x00000000026a9000 Exception <a 'sun/nio/fs/WindowsException'> (0x00000000ff8906d0) thrown at [D:\src\AOSP-openjdk-cygwin\jdk8u\hotspot\src\share\vm\prims\jni.cpp, line 709]
Event: 2.474 Thread 0x00000000026a9000 Exception <a 'sun/nio/fs/WindowsException'> (0x00000000ff890c50) thrown at [D:\src\AOSP-openjdk-cygwin\jdk8u\hotspot\src\share\vm\prims\jni.cpp, line 709]
Event: 2.868 Thread 0x00000000026a9000 Exception <a 'sun/nio/fs/WindowsException'> (0x00000000ffa644f8) thrown at [D:\src\AOSP-openjdk-cygwin\jdk8u\hotspot\src\share\vm\prims\jni.cpp, line 709]
Event: 2.868 Thread 0x00000000026a9000 Exception <a 'sun/nio/fs/WindowsException'> (0x00000000ffa649f8) thrown at [D:\src\AOSP-openjdk-cygwin\jdk8u\hotspot\src\share\vm\prims\jni.cpp, line 709]

Events (10 events):
Event: 2.590 loading class org/objectweb/asm/tree/FrameNode
Event: 2.590 loading class org/objectweb/asm/tree/FrameNode done
Event: 2.590 loading class org/objectweb/asm/tree/LabelNode
Event: 2.590 loading class org/objectweb/asm/tree/LabelNode done
Event: 2.591 loading class org/objectweb/asm/tree/JumpInsnNode
Event: 2.591 loading class org/objectweb/asm/tree/JumpInsnNode done
Event: 2.592 loading class org/objectweb/asm/tree/InsnList
Event: 2.592 loading class org/objectweb/asm/tree/InsnList done
Event: 2.649 loading class java/util/Vector$Itr
Event: 2.649 loading class java/util/Vector$Itr done


Dynamic libraries:
0x00007ff698250000 - 0x00007ff698281000 	C:\Program Files\Android\Android Studio\jre\bin\java.exe
0x00007fff089a0000 - 0x00007fff08b81000 	C:\WINDOWS\SYSTEM32\ntdll.dll
0x00007fff08550000 - 0x00007fff08602000 	C:\WINDOWS\System32\KERNEL32.DLL
0x00007fff05bb0000 - 0x00007fff05e23000 	C:\WINDOWS\System32\KERNELBASE.dll
0x00007fff05fd0000 - 0x00007fff06071000 	C:\WINDOWS\System32\ADVAPI32.dll
0x00007fff062c0000 - 0x00007fff0635e000 	C:\WINDOWS\System32\msvcrt.dll
0x00007fff05e30000 - 0x00007fff05e8b000 	C:\WINDOWS\System32\sechost.dll
0x00007fff06d00000 - 0x00007fff06e24000 	C:\WINDOWS\System32\RPCRT4.dll
0x00007fff06e30000 - 0x00007fff06fc0000 	C:\WINDOWS\System32\USER32.dll
0x00007fff05b90000 - 0x00007fff05bb0000 	C:\WINDOWS\System32\win32u.dll
0x00007fff08610000 - 0x00007fff08638000 	C:\WINDOWS\System32\GDI32.dll
0x00007fff04d70000 - 0x00007fff04f02000 	C:\WINDOWS\System32\gdi32full.dll
0x00007fff051b0000 - 0x00007fff0524f000 	C:\WINDOWS\System32\msvcp_win.dll
0x00007fff052d0000 - 0x00007fff053ca000 	C:\WINDOWS\System32\ucrtbase.dll
0x00007ffef5540000 - 0x00007ffef57a9000 	C:\WINDOWS\WinSxS\amd64_microsoft.windows.common-controls_6595b64144ccf1df_6.0.17134.345_none_fb429a5930656358\COMCTL32.dll
0x00007fff08640000 - 0x00007fff08963000 	C:\WINDOWS\System32\combase.dll
0x00007fff05250000 - 0x00007fff052ca000 	C:\WINDOWS\System32\bcryptPrimitives.dll
0x00007fff06b50000 - 0x00007fff06b7d000 	C:\WINDOWS\System32\IMM32.DLL
0x0000000057030000 - 0x0000000057102000 	C:\Program Files\Android\Android Studio\jre\jre\bin\msvcr100.dll
0x00000000558a0000 - 0x00000000560e1000 	C:\Program Files\Android\Android Studio\jre\jre\bin\server\jvm.dll
0x00007fff05fc0000 - 0x00007fff05fc8000 	C:\WINDOWS\System32\PSAPI.DLL
0x00007fff03910000 - 0x00007fff03919000 	C:\WINDOWS\SYSTEM32\WSOCK32.dll
0x00007fff084e0000 - 0x00007fff0854c000 	C:\WINDOWS\System32\WS2_32.dll
0x00007ffef82c0000 - 0x00007ffef82e3000 	C:\WINDOWS\SYSTEM32\WINMM.dll
0x00007ffef71f0000 - 0x00007ffef71fa000 	C:\WINDOWS\SYSTEM32\VERSION.dll
0x00007ffef8190000 - 0x00007ffef81ba000 	C:\WINDOWS\SYSTEM32\WINMMBASE.dll
0x00007fff053d0000 - 0x00007fff05419000 	C:\WINDOWS\System32\cfgmgr32.dll
0x00007fff00600000 - 0x00007fff0060f000 	C:\Program Files\Android\Android Studio\jre\jre\bin\verify.dll
0x00007ffefe340000 - 0x00007ffefe369000 	C:\Program Files\Android\Android Studio\jre\jre\bin\java.dll
0x00007ffeffb20000 - 0x00007ffeffb36000 	C:\Program Files\Android\Android Studio\jre\jre\bin\zip.dll
0x00007fff070a0000 - 0x00007fff084df000 	C:\WINDOWS\System32\SHELL32.dll
0x00007fff06ff0000 - 0x00007fff07099000 	C:\WINDOWS\System32\shcore.dll
0x00007fff05420000 - 0x00007fff05b2d000 	C:\WINDOWS\System32\windows.storage.dll
0x00007fff06360000 - 0x00007fff063b1000 	C:\WINDOWS\System32\shlwapi.dll
0x00007fff04d20000 - 0x00007fff04d31000 	C:\WINDOWS\System32\kernel.appcore.dll
0x00007fff04d50000 - 0x00007fff04d6f000 	C:\WINDOWS\System32\profapi.dll
0x00007fff04cb0000 - 0x00007fff04cfc000 	C:\WINDOWS\System32\powrprof.dll
0x00007fff04d40000 - 0x00007fff04d4a000 	C:\WINDOWS\System32\FLTLIB.DLL
0x00007fff046e0000 - 0x00007fff046f7000 	C:\WINDOWS\SYSTEM32\CRYPTSP.dll
0x00007fff04110000 - 0x00007fff04143000 	C:\WINDOWS\system32\rsaenh.dll
0x00007fff04810000 - 0x00007fff04835000 	C:\WINDOWS\SYSTEM32\bcrypt.dll
0x00007fff04be0000 - 0x00007fff04c08000 	C:\WINDOWS\SYSTEM32\USERENV.dll
0x00007fff04700000 - 0x00007fff0470b000 	C:\WINDOWS\SYSTEM32\CRYPTBASE.dll
0x00007ffefc3a0000 - 0x00007ffefc3ba000 	C:\Program Files\Android\Android Studio\jre\jre\bin\net.dll
0x00007fff04530000 - 0x00007fff04596000 	C:\WINDOWS\system32\mswsock.dll
0x00007fff042b0000 - 0x00007fff042e8000 	C:\WINDOWS\SYSTEM32\IPHLPAPI.DLL
0x00007fff06fe0000 - 0x00007fff06fe8000 	C:\WINDOWS\System32\NSI.dll
0x00007ffefb5a0000 - 0x00007ffefb5b6000 	C:\WINDOWS\SYSTEM32\dhcpcsvc6.DLL
0x00007ffefc610000 - 0x00007ffefc62a000 	C:\WINDOWS\SYSTEM32\dhcpcsvc.DLL
0x00007ffefc290000 - 0x00007ffefc2a1000 	C:\Program Files\Android\Android Studio\jre\jre\bin\nio.dll

VM Arguments:
jvm_args: -Djava.awt.headless=true -Xmx64M -Dfile.encoding=windows-1252 -Duser.country=GB -Duser.language=en -Duser.variant 
java_command: com.google.devtools.build.android.desugar.Desugar --input C:\Users\User\Desktop\OutApp\app\build\intermediates\transforms\stackFramesFixer\debug\16.jar --output C:\Users\User\Desktop\OutApp\app\build\intermediates\transforms\desugar\debug\17.jar --input C:\Users\User\Desktop\OutApp\app\build\intermediates\transforms\stackFramesFixer\debug\63.jar --output C:\Users\User\Desktop\OutApp\app\build\intermediates\transforms\desugar\debug\64.jar --input C:\Users\User\Desktop\OutApp\app\build\intermediates\transforms\stackFramesFixer\debug\55.jar --output C:\Users\User\Desktop\OutApp\app\build\intermediates\transforms\desugar\debug\56.jar --input C:\Users\User\Desktop\OutApp\app\build\intermediates\transforms\stackFramesFixer\debug\42.jar --output C:\Users\User\Desktop\OutApp\app\build\intermediates\transforms\desugar\debug\43.jar --input C:\Users\User\Desktop\OutApp\app\build\intermediates\transforms\stackFramesFixer\debug\72.jar --output C:\Users\User\Desktop\OutApp\app\build\intermediates\transforms\desugar\debug\73.jar --input C:\Users\User\Desktop\OutApp\app\build\intermediates\transforms\stackFramesFixer\debug\70.jar --output C:\Users\User\Desktop\OutApp\app\build\intermediates\transforms\desugar\debug\71.jar --input C:\Users\User\Desktop\OutApp\app\build\intermediates\transforms\stackFramesFixer\debug\34.jar --output C:\Users\User\Desktop\OutApp\app\build\intermediates\transforms\desugar\debug\35.jar --input C:\Users\User\Desktop\OutApp\app\build\intermediates\transforms\stackFramesFixer\debug\21.jar --output C:\Users\User\Desktop\OutApp\app\build\intermediates\transforms\desugar\debug\22.jar --input C:\Users\User\Desktop\OutApp\app\build\intermediates\transforms\stackFramesFixer\debug\12.jar --output C:\Users\User\Desktop\OutApp\app\build\intermediates\transforms\desugar\debug\13.jar --input C:\Users\User\Desktop\OutApp\app\build\intermediates\transforms\stackFramesFixer\debug\8.jar --output C:\Users\User\Desktop\OutApp\app\build\intermediates\transfo
java_class_path (initial): C:\Users\User\AppData\Local\Temp\desugar_deploy.jar1424677330102334546
Launcher Type: SUN_STANDARD

Environment Variables:
PATH=C:\Program Files (x86)\Common Files\Oracle\Java\javapath;C:\ProgramData\Oracle\Java\javapath;C:\Program Files (x86)\Intel\iCLS Client\;C:\Program Files\Intel\iCLS Client\;C:\WINDOWS\system32;C:\WINDOWS;C:\WINDOWS\System32\Wbem;C:\WINDOWS\System32\WindowsPowerShell\v1.0\;C:\Program Files\Intel\WiFi\bin\;C:\Program Files\Common Files\Intel\WirelessCommon\;C:\Program Files\Intel\Intel(R) Management Engine Components\DAL;C:\Program Files (x86)\Intel\Intel(R) Management Engine Components\DAL;C:\Program Files\Intel\Intel(R) Management Engine Components\IPT;C:\Program Files (x86)\Intel\Intel(R) Management Engine Components\IPT;C:\Program Files\Microsoft SQL Server\110\Tools\Binn\;C:\Program Files (x86)\Microsoft SQL Server\110\Tools\Binn\;C:\Program Files\Microsoft SQL Server\110\DTS\Binn\;C:\Program Files (x86)\Microsoft SQL Server\110\Tools\Binn\ManagementStudio\;C:\Program Files (x86)\Microsoft Visual Studio 10.0\Common7\IDE\PrivateAssemblies\;C:\Program Files (x86)\Microsoft SQL Server\110\DTS\Binn\;C:\Program Files (x86)\Skype\Phone\;C:\Python36;C:\WINDOWS\System32\OpenSSH\;C:\Program Files\Git\cmd;C:\Users\User\AppData\Local\Programs\Python\Python36-32\Scripts\;C:\Users\User\AppData\Local\Programs\Python\Python36-32\;C:\Users\User\Anaconda3;C:\Users\User\Anaconda3\Scripts;C:\Users\User\Anaconda3\Library\bin;C:\Users\User\AppData\Local\Microsoft\WindowsApps;C:\Program Files\Git\bin;C:\Program Files\Java\jdk1.8.0_60\bin;
USERNAME=User
OS=Windows_NT
PROCESSOR_IDENTIFIER=Intel64 Family 6 Model 61 Stepping 4, GenuineIntel



---------------  S Y S T E M  ---------------

OS: Windows 10.0 , 64 bit Build 17134 (10.0.17134.1)

CPU:total 4 (initial active 4) (2 cores per cpu, 2 threads per core) family 6 model 61 stepping 4, cmov, cx8, fxsr, mmx, sse, sse2, sse3, ssse3, sse4.1, sse4.2, popcnt, avx, avx2, aes, clmul, erms, 3dnowpref, lzcnt, ht, tsc, tscinvbit, bmi1, bmi2, adx

Memory: 4k page, physical 8285956k(812208k free), swap 8285956k(4204k free)

vm_info: OpenJDK 64-Bit Server VM (25.152-b06) for windows-amd64 JRE (1.8.0_152-release-1136-b06), built by "builder" with MS VC++ 10.0 (VS2010)

time: Wed Oct 31 20:42:22 2018
elapsed time: 2 seconds (0d 0h 0m 2s)

